2026-05-26 00:29:41.930082 - Uploaded Screenshot 2024-09-14 112900.png
2026-05-26 00:30:20.479836 - Deleted Screenshot 2024-09-14 112900.png
2026-05-26 00:30:33.923780 - Uploaded Screenshot 2024-09-14 111712.png
2026-05-26 00:32:04.038378 - Uploaded ATsVAc4GNqH6PosTO3k5m4JUnJvamcnuOhKkaXh9R1g.pdf
2026-05-26 00:33:08.550153 - Uploaded edit window.mp4
2026-05-26 00:40:21.511019 - Uploaded ATsVAc4GNqH6PosTO3k5m4JUnJvamcnuOhKkaXh9R1g.pdf
[2026-05-26 01:38:04.577584] abhi44 logged in
[2026-05-26 01:45:27.379386] abhi44 registered
[2026-05-26 01:45:58.755652] abhi44 registered
[2026-05-26 01:46:06.748994] abhi44 logged in
[2026-05-26 16:51:28.970739] abhi44 uploaded Screenshot 2024-12-31 121547.png
[2026-05-26 16:53:04.175848] abhi44 uploaded Screenshot 2024-09-14 110436.png
[2026-05-26 16:53:11.702872] abhi44 deleted Screenshot 2024-12-31 121547.png
[2026-05-26 16:53:26.014289] abhi44 uploaded Screenshot 2024-09-14 110436.png
[2026-05-26 16:53:33.094914] abhi44 uploaded Screenshot 2024-09-14 110436.png
[2026-05-26 16:58:32.475459] abhi44 uploaded edit window.mp4
[2026-05-26 16:58:58.421104] abhi44 uploaded Screen Recording 2025-10-17 172743.mp4
[2026-05-26 17:40:09.131076] abhi44 uploaded Updated_Title_Bigger.docx
[2026-05-26 18:22:25.998308] abhi44 uploaded Screenshot 2024-09-14 110436.png
[2026-05-26 18:22:37.989883] abhi44 uploaded Screenshot 2024-09-14 114122.png
[2026-05-26 18:22:56.948670] abhi44 uploaded Screenshot 2024-09-14 110436.png
[2026-05-26 19:04:09.932531] abhi44 uploaded shot.png
[2026-05-26 19:04:16.357035] abhi44 uploaded shot.png
[2026-05-26 19:04:22.028283] abhi44 deleted shot.png
[2026-05-26 19:39:14.288010] abhi44 uploaded Screenshot 2025-01-09 015029.png
[2026-05-26 19:43:34.547307] abhi44 uploaded Screenshot 2024-09-14 110436.png
[2026-05-26 19:43:41.644411] abhi44 uploaded Screenshot 2024-09-14 110436.png
[2026-05-26 20:04:24.879152] abhi44 uploaded Screenshot 2024-09-14 110436.png
[2026-05-26 20:04:31.757075] abhi44 uploaded Screenshot 2024-09-14 110436.png
[2026-05-26 20:20:00.667030] abhi44 registered account
[2026-05-26 20:20:23.345358] abhi44 deleted Screenshot 2024-09-14 110436.png
[2026-05-26 20:20:25.361655] abhi44 deleted Screenshot 2024-09-14 114122.png
[2026-05-26 20:20:26.568517] abhi44 deleted Screenshot 2025-01-09 015029.png
[2026-05-26 20:20:38.363522] abhi44 uploaded Screenshot 2024-09-14 110436.png
[2026-05-26 20:20:44.661932] abhi44 uploaded Screenshot 2024-09-14 110436.png
[2026-05-26 20:24:04.900014] abhi44 uploaded Screenshot 2024-09-14 110436.png
[2026-05-26 20:24:12.461392] abhi44 uploaded Screenshot 2024-09-14 110436.png
[2026-05-26 20:33:20.951473] abhi44 uploaded Updated_Title_Bigger.docx
[2026-05-26 20:33:33.476699] abhi44 uploaded Updated_Title_Bigger.docx
[2026-05-26 20:36:26.023660] abhi44 uploaded Updated_Title_Bigger.docx
[2026-05-26 20:36:34.895116] abhi44 uploaded Updated_Title_Bigger.docx
[2026-05-26 20:37:40.850580] abhi44 uploaded Updated_Title_Bigger_1.docx
[2026-05-26 20:37:52.133227] abhi44 deleted Updated_Title_Bigger.docx
[2026-05-26 20:37:54.678065] abhi44 deleted Screenshot 2024-09-14 110436.png
[2026-05-26 20:38:11.297810] abhi44 deleted Updated_Title_Bigger_1.docx
[2026-05-26 20:50:02.934952] abhi44 uploaded Updated_Title_Bigger.docx
[2026-05-26 20:50:12.920596] abhi44 uploaded Updated_Title_Bigger_1.docx
[2026-05-26 20:50:17.087332] abhi44 deleted Updated_Title_Bigger_1.docx
[2026-05-26 20:50:24.215593] abhi44 successfully synced Updated_Title_Bigger.docx to local cloud container.
[2026-05-26 21:09:43.398236] abhi44 uploaded Updated_Title_Bigger_1.docx
[2026-05-26 21:10:01.075101] abhi44 deleted Updated_Title_Bigger_1.docx
